Arguments: 
  /Users/narh/.nvm/versions/node/v18.12.1/bin/node /Users/narh/.nvm/versions/node/v18.12.1/bin/yarn add express-async-errors express mongooose dotenv bcryptjs helmet morgan

PATH: 
  /Users/narh/.nvm/versions/node/v18.12.1/bin:/Users/narh/.bun/bin:/Users/narh/.yarn/bin:/Users/narh/.config/yarn/global/node_modules/.bin:/Library/PostgreSQL/14/bin:/Library/Frameworks/Python.framework/Versions/3.11/bin:/Library/Frameworks/Python.framework/Versions/3.9/bin:/usr/local/bin:/System/Cryptexes/App/usr/bin:/usr/bin:/bin:/usr/sbin:/sbin:/Library/Apple/usr/bin:/Applications/Postgres.app/Contents/Versions/latest/bin:/Users/narh/.bun/bin:/Users/narh/.yarn/bin:/Users/narh/.config/yarn/global/node_modules/.bin:/opt/miniconda3/bin:/opt/miniconda3/condabin:/Library/PostgreSQL/14/bin:/Library/Frameworks/Python.framework/Versions/3.11/bin:/Library/Frameworks/Python.framework/Versions/3.9/bin:/Users/narh/.fig/bin:/Users/narh/.local/bin:/usr/local/opt/mongodb-community@4.4/bin:/usr/local/opt/mongodb-community@4.4/bin

Yarn version: 
  1.22.19

Node version: 
  18.12.1

Platform: 
  darwin x64

Trace: 
  Error: https://registry.yarnpkg.com/mongooose: Not found
      at params.callback [as _callback] (/Users/narh/.nvm/versions/node/v18.12.1/lib/node_modules/yarn/lib/cli.js:66145:18)
      at self.callback (/Users/narh/.nvm/versions/node/v18.12.1/lib/node_modules/yarn/lib/cli.js:140890:22)
      at Request.emit (node:events:513:28)
      at Request.<anonymous> (/Users/narh/.nvm/versions/node/v18.12.1/lib/node_modules/yarn/lib/cli.js:141862:10)
      at Request.emit (node:events:513:28)
      at IncomingMessage.<anonymous> (/Users/narh/.nvm/versions/node/v18.12.1/lib/node_modules/yarn/lib/cli.js:141784:12)
      at Object.onceWrapper (node:events:627:28)
      at IncomingMessage.emit (node:events:525:35)
      at endReadableNT (node:internal/streams/readable:1359:12)
      at process.processTicksAndRejections (node:internal/process/task_queues:82:21)

npm manifest: 
  {
    "name": "inighana-auth-backend",
    "version": "1.0.0",
    "description": "An authentication project for UniGhana",
    "author": "Daniel Narh",
    "main": "index.js",
    "license": "MIT"
  }

yarn manifest: 
  No manifest

Lockfile: 
  No lockfile
